<?xml version="1.0" encoding="UTF-8"?>
<!-- Generated by org.testng.reporters.JUnitReportReporter -->
<testsuite hostname="KTV-2023-034" failures="0" tests="1" name="TestlinkTest" time="2.089" errors="0" timestamp="2024-04-03T15:26:46 ICT" skipped="0">
  <testcase classname="TestlinkTest" name="test" time="2.089"/>
</testsuite> <!-- TestlinkTest -->
